# JRE version: OpenJDK Runtime Environment 18.9 (11.0.9.1+1) (build 11.0.9.1+1)
# Java VM: OpenJDK 64-Bit Server VM 18.9 (11.0.9.1+1, mixed mode, sharing, tiered, compressed oops, g1 gc, linux-amd64)
Heap:
 garbage-first heap   total 129024K, used 90942K [0x0000000085200000, 0x0000000100000000)
  region size 1024K, 23 young (23552K), 4 survivors (4096K)
 Metaspace       used 38597K, capacity 40445K, committed 40784K, reserved 1085440K
  class space    used 4743K, capacity 5523K, committed 5632K, reserved 1048576K
GC Heap History (20 events):
Event: 449,622 GC heap before
{Heap before GC invocations=18 (full 0):
 garbage-first heap   total 129024K, used 54029K [0x0000000085200000, 0x0000000100000000)
  region size 1024K, 6 young (6144K), 1 survivors (1024K)
 Metaspace       used 34784K, capacity 36576K, committed 36688K, reserved 1081344K
  class space    used 4322K, capacity 5083K, committed 5120K, reserved 1048576K
}
Event: 449,633 GC heap after
{Heap after GC invocations=19 (full 0):
 garbage-first heap   total 129024K, used 41036K [0x0000000085200000, 0x0000000100000000)
  region size 1024K, 1 young (1024K), 1 survivors (1024K)
 Metaspace       used 34784K, capacity 36576K, committed 36688K, reserved 1081344K
  class space    used 4322K, capacity 5083K, committed 5120K, reserved 1048576K
}
Event: 483,992 GC heap before
{Heap before GC invocations=19 (full 0):
 garbage-first heap   total 129024K, used 75852K [0x0000000085200000, 0x0000000100000000)
  region size 1024K, 36 young (36864K), 1 survivors (1024K)
 Metaspace       used 35053K, capacity 36843K, committed 37072K, reserved 1081344K
  class space    used 4372K, capacity 5127K, committed 5248K, reserved 1048576K
}
Event: 484,013 GC heap after
{Heap after GC invocations=20 (full 0):
 garbage-first heap   total 129024K, used 56540K [0x0000000085200000, 0x0000000100000000)
  region size 1024K, 5 young (5120K), 5 survivors (5120K)
 Metaspace       used 35053K, capacity 36843K, committed 37072K, reserved 1081344K
  class space    used 4372K, capacity 5127K, committed 5248K, reserved 1048576K
}
Event: 551,156 GC heap before
{Heap before GC invocations=20 (full 0):
 garbage-first heap   total 129024K, used 84188K [0x0000000085200000, 0x0000000100000000)
  region size 1024K, 33 young (33792K), 5 survivors (5120K)
 Metaspace       used 38034K, capacity 39840K, committed 39888K, reserved 1083392K
  class space    used 4725K, capacity 5480K, committed 5504K, reserved 1048576K
}
Event: 551,193 GC heap after
{Heap after GC invocations=21 (full 0):
 garbage-first heap   total 129024K, used 62807K [0x0000000085200000, 0x0000000100000000)
  region size 1024K, 5 young (5120K), 5 survivors (5120K)
 Metaspace       used 38034K, capacity 39840K, committed 39888K, reserved 1083392K
  class space    used 4725K, capacity 5480K, committed 5504K, reserved 1048576K
}
Event: 595,912 GC heap before
{Heap before GC invocations=21 (full 0):
 garbage-first heap   total 129024K, used 88407K [0x0000000085200000, 0x0000000100000000)
  region size 1024K, 31 young (31744K), 5 survivors (5120K)
 Metaspace       used 38203K, capacity 40066K, committed 40144K, reserved 1083392K
  class space    used 4733K, capacity 5487K, committed 5504K, reserved 1048576K
}
Event: 595,935 GC heap after
{Heap after GC invocations=22 (full 0):
 garbage-first heap   total 129024K, used 73126K [0x0000000085200000, 0x0000000100000000)
  region size 1024K, 4 young (4096K), 4 survivors (4096K)
 Metaspace       used 38203K, capacity 40066K, committed 40144K, reserved 1083392K
  class space    used 4733K, capacity 5487K, committed 5504K, reserved 1048576K
}
Event: 612,943 GC heap before
{Heap before GC invocations=23 (full 0):
 garbage-first heap   total 129024K, used 92582K [0x0000000085200000, 0x0000000100000000)
  region size 1024K, 25 young (25600K), 4 survivors (4096K)
 Metaspace       used 38305K, capacity 40176K, committed 40528K, reserved 1085440K
  class space    used 4741K, capacity 5523K, committed 5632K, reserved 1048576K
}
Event: 612,958 GC heap after
{Heap after GC invocations=24 (full 0):
 garbage-first heap   total 129024K, used 80892K [0x0000000085200000, 0x0000000100000000)
  region size 1024K, 4 young (4096K), 4 survivors (4096K)
 Metaspace       used 38305K, capacity 40176K, committed 40528K, reserved 1085440K
  class space    used 4741K, capacity 5523K, committed 5632K, reserved 1048576K
}
Event: 612,985 GC heap before
{Heap before GC invocations=24 (full 0):
 garbage-first heap   total 129024K, used 81916K [0x0000000085200000, 0x0000000100000000)
  region size 1024K, 6 young (6144K), 4 survivors (4096K)
 Metaspace       used 38315K, capacity 40176K, committed 40528K, reserved 1085440K
  class space    used 4741K, capacity 5523K, committed 5632K, reserved 1048576K
}
Event: 612,999 GC heap after
{Heap after GC invocations=25 (full 0):
 garbage-first heap   total 129024K, used 70238K [0x0000000085200000, 0x0000000100000000)
  region size 1024K, 1 young (1024K), 1 survivors (1024K)
 Metaspace       used 38315K, capacity 40176K, committed 40528K, reserved 1085440K
  class space    used 4741K, capacity 5523K, committed 5632K, reserved 1048576K
}
Event: 618,121 GC heap before
{Heap before GC invocations=25 (full 0):
 garbage-first heap   total 129024K, used 74334K [0x0000000085200000, 0x0000000100000000)
  region size 1024K, 6 young (6144K), 1 survivors (1024K)
 Metaspace       used 38334K, capacity 40176K, committed 40528K, reserved 1085440K
  class space    used 4741K, capacity 5523K, committed 5632K, reserved 1048576K
}
Event: 618,156 GC heap after
{Heap after GC invocations=26 (full 0):
 garbage-first heap   total 129024K, used 63064K [0x0000000085200000, 0x0000000100000000)
  region size 1024K, 1 young (1024K), 1 survivors (1024K)
 Metaspace       used 38334K, capacity 40176K, committed 40528K, reserved 1085440K
  class space    used 4741K, capacity 5523K, committed 5632K, reserved 1048576K
}
Event: 623,349 GC heap before
{Heap before GC invocations=26 (full 0):
 garbage-first heap   total 129024K, used 67160K [0x0000000085200000, 0x0000000100000000)
  region size 1024K, 6 young (6144K), 1 survivors (1024K)
 Metaspace       used 38346K, capacity 40176K, committed 40528K, reserved 1085440K
  class space    used 4741K, capacity 5523K, committed 5632K, reserved 1048576K
}
Event: 623,360 GC heap after
{Heap after GC invocations=27 (full 0):
 garbage-first heap   total 129024K, used 61213K [0x0000000085200000, 0x0000000100000000)
  region size 1024K, 1 young (1024K), 1 survivors (1024K)
 Metaspace       used 38346K, capacity 40176K, committed 40528K, reserved 1085440K
  class space    used 4741K, capacity 5523K, committed 5632K, reserved 1048576K
}
Event: 656,897 GC heap before
{Heap before GC invocations=27 (full 0):
 garbage-first heap   total 129024K, used 85789K [0x0000000085200000, 0x0000000100000000)
  region size 1024K, 26 young (26624K), 1 survivors (1024K)
 Metaspace       used 38432K, capacity 40306K, committed 40528K, reserved 1085440K
  class space    used 4741K, capacity 5523K, committed 5632K, reserved 1048576K
}
Event: 656,912 GC heap after
{Heap after GC invocations=28 (full 0):
 garbage-first heap   total 129024K, used 68096K [0x0000000085200000, 0x0000000100000000)
  region size 1024K, 4 young (4096K), 4 survivors (4096K)
 Metaspace       used 38432K, capacity 40306K, committed 40528K, reserved 1085440K
  class space    used 4741K, capacity 5523K, committed 5632K, reserved 1048576K
}
Event: 691,355 GC heap before
{Heap before GC invocations=28 (full 0):
 garbage-first heap   total 129024K, used 90624K [0x0000000085200000, 0x0000000100000000)
  region size 1024K, 27 young (27648K), 4 survivors (4096K)
 Metaspace       used 38509K, capacity 40381K, committed 40528K, reserved 1085440K
  class space    used 4741K, capacity 5523K, committed 5632K, reserved 1048576K
}
Event: 691,367 GC heap after
{Heap after GC invocations=29 (full 0):
 garbage-first heap   total 129024K, used 73534K [0x0000000085200000, 0x0000000100000000)
  region size 1024K, 4 young (4096K), 4 survivors (4096K)
 Metaspace       used 38509K, capacity 40381K, committed 40528K, reserved 1085440K
  class space    used 4741K, capacity 5523K, committed 5632K, reserved 1048576K
}

